[0.768s] Invoking command in '/mnt/d/RDS-repo/RDS-2026---Minimalist/MuJoCo_simulation/finger_workspace/build/finger_description': CMAKE_PREFIX_PATH=/opt/ros/humble PS1=(mujoco_env) \[\e]0;\u@\h: \w\a\]${debian_chroot:+($debian_chroot)}\u@\h:\w\$ VIRTUAL_ENV_PROMPT=(mujoco_env) /usr/bin/cmake /mnt/d/RDS-repo/RDS-2026---Minimalist/MuJoCo_simulation/finger_workspace/src/finger_description -DCMAKE_INSTALL_PREFIX=/mnt/d/RDS-repo/RDS-2026---Minimalist/MuJoCo_simulation/finger_workspace/install/finger_description
[2.920s] -- The C compiler identification is GNU 11.4.0
[7.553s] -- The CXX compiler identification is GNU 11.4.0
[9.945s] -- Detecting C compiler ABI info
[14.593s] -- Detecting C compiler ABI info - done
[14.930s] -- Check for working C compiler: /usr/bin/cc - skipped
[14.936s] -- Detecting C compile features
[14.942s] -- Detecting C compile features - done
[15.435s] -- Detecting CXX compiler ABI info
[20.279s] -- Detecting CXX compiler ABI info - done
[20.424s] -- Check for working CXX compiler: /usr/bin/c++ - skipped
[20.426s] -- Detecting CXX compile features
[20.428s] -- Detecting CXX compile features - done
[20.834s] -- Found ament_cmake: 1.3.13 (/opt/ros/humble/share/ament_cmake/cmake)
[21.337s] -- Found Python3: /mujoco_env/bin/python3 (found version "3.10.12") found components: Interpreter 
[22.707s] -- Found ament_lint_auto: 0.12.15 (/opt/ros/humble/share/ament_lint_auto/cmake)
[23.379s] Traceback (most recent call last):
[23.384s]   File "/opt/ros/humble/share/ament_cmake_core/cmake/core/package_xml_2_cmake.py", line 22, in <module>
[23.390s]     from catkin_pkg.package import parse_package_string
[23.395s] ModuleNotFoundError: No module named 'catkin_pkg'
[23.401s] [31mCMake Error at /opt/ros/humble/share/ament_cmake_core/cmake/core/ament_package_xml.cmake:95 (message):
[23.407s]   execute_process(/mujoco_env/bin/python3
[23.413s]   /opt/ros/humble/share/ament_cmake_core/cmake/core/package_xml_2_cmake.py
[23.418s]   /mnt/d/RDS-repo/RDS-2026---Minimalist/MuJoCo_simulation/finger_workspace/src/finger_description/package.xml
[23.425s]   /mnt/d/RDS-repo/RDS-2026---Minimalist/MuJoCo_simulation/finger_workspace/build/finger_description/ament_cmake_core/package.cmake)
[23.434s]   returned error code 1
[23.444s] Call Stack (most recent call first):
[23.450s]   /opt/ros/humble/share/ament_cmake_core/cmake/core/ament_package_xml.cmake:49 (_ament_package_xml)
[23.455s]   /opt/ros/humble/share/ament_lint_auto/cmake/ament_lint_auto_find_test_dependencies.cmake:31 (ament_package_xml)
[23.461s]   CMakeLists.txt:23 (ament_lint_auto_find_test_dependencies)
[23.467s] 
[23.473s] [0m
[23.479s] -- Configuring incomplete, errors occurred!
[23.485s] See also "/mnt/d/RDS-repo/RDS-2026---Minimalist/MuJoCo_simulation/finger_workspace/build/finger_description/CMakeFiles/CMakeOutput.log".
[23.615s] Invoked command in '/mnt/d/RDS-repo/RDS-2026---Minimalist/MuJoCo_simulation/finger_workspace/build/finger_description' returned '1': CMAKE_PREFIX_PATH=/opt/ros/humble PS1=(mujoco_env) \[\e]0;\u@\h: \w\a\]${debian_chroot:+($debian_chroot)}\u@\h:\w\$ VIRTUAL_ENV_PROMPT=(mujoco_env) /usr/bin/cmake /mnt/d/RDS-repo/RDS-2026---Minimalist/MuJoCo_simulation/finger_workspace/src/finger_description -DCMAKE_INSTALL_PREFIX=/mnt/d/RDS-repo/RDS-2026---Minimalist/MuJoCo_simulation/finger_workspace/install/finger_description
