-- Found ament_cmake: 1.3.13 (/opt/ros/humble/share/ament_cmake/cmake)
-- Found ament_lint_auto: 0.12.15 (/opt/ros/humble/share/ament_lint_auto/cmake)
-- Added test 'lint_cmake' to check CMake code style
-- Added test 'xmllint' to check XML markup files
-- Configuring done
-- Generating done
-- Build files have been written to: /mnt/d/RDS-repo/RDS-2026---Minimalist/MuJoCo_simulation/finger_workspace/build/finger_description
gmake[1]: Warning: File 'CMakeFiles/Makefile2' has modification time 0.02 s in the future
gmake[1]: warning:  Clock skew detected.  Your build may be incomplete.
-- Install configuration: ""
-- Installing: /mnt/d/RDS-repo/RDS-2026---Minimalist/MuJoCo_simulation/finger_workspace/install/finger_description/share/ament_index/resource_index/package_run_dependencies/finger_description
-- Installing: /mnt/d/RDS-repo/RDS-2026---Minimalist/MuJoCo_simulation/finger_workspace/install/finger_description/share/ament_index/resource_index/parent_prefix_path/finger_description
-- Installing: /mnt/d/RDS-repo/RDS-2026---Minimalist/MuJoCo_simulation/finger_workspace/install/finger_description/share/finger_description/environment/ament_prefix_path.sh
-- Installing: /mnt/d/RDS-repo/RDS-2026---Minimalist/MuJoCo_simulation/finger_workspace/install/finger_description/share/finger_description/environment/ament_prefix_path.dsv
-- Installing: /mnt/d/RDS-repo/RDS-2026---Minimalist/MuJoCo_simulation/finger_workspace/install/finger_description/share/finger_description/environment/path.sh
-- Installing: /mnt/d/RDS-repo/RDS-2026---Minimalist/MuJoCo_simulation/finger_workspace/install/finger_description/share/finger_description/environment/path.dsv
-- Installing: /mnt/d/RDS-repo/RDS-2026---Minimalist/MuJoCo_simulation/finger_workspace/install/finger_description/share/finger_description/local_setup.bash
-- Installing: /mnt/d/RDS-repo/RDS-2026---Minimalist/MuJoCo_simulation/finger_workspace/install/finger_description/share/finger_description/local_setup.sh
-- Installing: /mnt/d/RDS-repo/RDS-2026---Minimalist/MuJoCo_simulation/finger_workspace/install/finger_description/share/finger_description/local_setup.zsh
-- Installing: /mnt/d/RDS-repo/RDS-2026---Minimalist/MuJoCo_simulation/finger_workspace/install/finger_description/share/finger_description/local_setup.dsv
-- Installing: /mnt/d/RDS-repo/RDS-2026---Minimalist/MuJoCo_simulation/finger_workspace/install/finger_description/share/finger_description/package.dsv
-- Installing: /mnt/d/RDS-repo/RDS-2026---Minimalist/MuJoCo_simulation/finger_workspace/install/finger_description/share/ament_index/resource_index/packages/finger_description
-- Installing: /mnt/d/RDS-repo/RDS-2026---Minimalist/MuJoCo_simulation/finger_workspace/install/finger_description/share/finger_description/cmake/finger_descriptionConfig.cmake
-- Installing: /mnt/d/RDS-repo/RDS-2026---Minimalist/MuJoCo_simulation/finger_workspace/install/finger_description/share/finger_description/cmake/finger_descriptionConfig-version.cmake
-- Installing: /mnt/d/RDS-repo/RDS-2026---Minimalist/MuJoCo_simulation/finger_workspace/install/finger_description/share/finger_description/package.xml
