[0.302s] Invoking command in '/mnt/d/RDS-repo/RDS-2026---Minimalist/MuJoCo_simulation/finger_workspace/build/finger_description': CMAKE_PREFIX_PATH=/opt/ros/humble PS1=(mujoco_env) \[\e]0;\u@\h: \w\a\]${debian_chroot:+($debian_chroot)}\u@\h:\w\$ VIRTUAL_ENV_PROMPT=(mujoco_env) /usr/bin/cmake /mnt/d/RDS-repo/RDS-2026---Minimalist/MuJoCo_simulation/finger_workspace/src/finger_description -DCMAKE_INSTALL_PREFIX=/mnt/d/RDS-repo/RDS-2026---Minimalist/MuJoCo_simulation/finger_workspace/install/finger_description
[0.653s] -- Found ament_cmake: 1.3.13 (/opt/ros/humble/share/ament_cmake/cmake)
[1.582s] -- Found ament_lint_auto: 0.12.15 (/opt/ros/humble/share/ament_lint_auto/cmake)
[12.616s] -- Added test 'lint_cmake' to check CMake code style
[19.440s] -- Added test 'xmllint' to check XML markup files
[19.923s] -- Configuring done
[22.889s] -- Generating done
[24.514s] -- Build files have been written to: /mnt/d/RDS-repo/RDS-2026---Minimalist/MuJoCo_simulation/finger_workspace/build/finger_description
[24.530s] Invoked command in '/mnt/d/RDS-repo/RDS-2026---Minimalist/MuJoCo_simulation/finger_workspace/build/finger_description' returned '0': CMAKE_PREFIX_PATH=/opt/ros/humble PS1=(mujoco_env) \[\e]0;\u@\h: \w\a\]${debian_chroot:+($debian_chroot)}\u@\h:\w\$ VIRTUAL_ENV_PROMPT=(mujoco_env) /usr/bin/cmake /mnt/d/RDS-repo/RDS-2026---Minimalist/MuJoCo_simulation/finger_workspace/src/finger_description -DCMAKE_INSTALL_PREFIX=/mnt/d/RDS-repo/RDS-2026---Minimalist/MuJoCo_simulation/finger_workspace/install/finger_description
[24.614s] Invoking command in '/mnt/d/RDS-repo/RDS-2026---Minimalist/MuJoCo_simulation/finger_workspace/build/finger_description': CMAKE_PREFIX_PATH=/opt/ros/humble PS1=(mujoco_env) \[\e]0;\u@\h: \w\a\]${debian_chroot:+($debian_chroot)}\u@\h:\w\$ VIRTUAL_ENV_PROMPT=(mujoco_env) /usr/bin/cmake --build /mnt/d/RDS-repo/RDS-2026---Minimalist/MuJoCo_simulation/finger_workspace/build/finger_description -- -j8 -l8
[25.248s] gmake[1]: Warning: File 'CMakeFiles/Makefile2' has modification time 0.02 s in the future
[25.253s] gmake[1]: warning:  Clock skew detected.  Your build may be incomplete.
[25.310s] Invoked command in '/mnt/d/RDS-repo/RDS-2026---Minimalist/MuJoCo_simulation/finger_workspace/build/finger_description' returned '0': CMAKE_PREFIX_PATH=/opt/ros/humble PS1=(mujoco_env) \[\e]0;\u@\h: \w\a\]${debian_chroot:+($debian_chroot)}\u@\h:\w\$ VIRTUAL_ENV_PROMPT=(mujoco_env) /usr/bin/cmake --build /mnt/d/RDS-repo/RDS-2026---Minimalist/MuJoCo_simulation/finger_workspace/build/finger_description -- -j8 -l8
[25.547s] Invoking command in '/mnt/d/RDS-repo/RDS-2026---Minimalist/MuJoCo_simulation/finger_workspace/build/finger_description': CMAKE_PREFIX_PATH=/opt/ros/humble PS1=(mujoco_env) \[\e]0;\u@\h: \w\a\]${debian_chroot:+($debian_chroot)}\u@\h:\w\$ VIRTUAL_ENV_PROMPT=(mujoco_env) /usr/bin/cmake --install /mnt/d/RDS-repo/RDS-2026---Minimalist/MuJoCo_simulation/finger_workspace/build/finger_description
[25.611s] -- Install configuration: ""
[26.173s] -- Installing: /mnt/d/RDS-repo/RDS-2026---Minimalist/MuJoCo_simulation/finger_workspace/install/finger_description/share/ament_index/resource_index/package_run_dependencies/finger_description
[26.938s] -- Installing: /mnt/d/RDS-repo/RDS-2026---Minimalist/MuJoCo_simulation/finger_workspace/install/finger_description/share/ament_index/resource_index/parent_prefix_path/finger_description
[27.801s] -- Installing: /mnt/d/RDS-repo/RDS-2026---Minimalist/MuJoCo_simulation/finger_workspace/install/finger_description/share/finger_description/environment/ament_prefix_path.sh
[28.300s] -- Installing: /mnt/d/RDS-repo/RDS-2026---Minimalist/MuJoCo_simulation/finger_workspace/install/finger_description/share/finger_description/environment/ament_prefix_path.dsv
[28.844s] -- Installing: /mnt/d/RDS-repo/RDS-2026---Minimalist/MuJoCo_simulation/finger_workspace/install/finger_description/share/finger_description/environment/path.sh
[29.349s] -- Installing: /mnt/d/RDS-repo/RDS-2026---Minimalist/MuJoCo_simulation/finger_workspace/install/finger_description/share/finger_description/environment/path.dsv
[29.903s] -- Installing: /mnt/d/RDS-repo/RDS-2026---Minimalist/MuJoCo_simulation/finger_workspace/install/finger_description/share/finger_description/local_setup.bash
[30.402s] -- Installing: /mnt/d/RDS-repo/RDS-2026---Minimalist/MuJoCo_simulation/finger_workspace/install/finger_description/share/finger_description/local_setup.sh
[30.913s] -- Installing: /mnt/d/RDS-repo/RDS-2026---Minimalist/MuJoCo_simulation/finger_workspace/install/finger_description/share/finger_description/local_setup.zsh
[31.385s] -- Installing: /mnt/d/RDS-repo/RDS-2026---Minimalist/MuJoCo_simulation/finger_workspace/install/finger_description/share/finger_description/local_setup.dsv
[31.689s] -- Installing: /mnt/d/RDS-repo/RDS-2026---Minimalist/MuJoCo_simulation/finger_workspace/install/finger_description/share/finger_description/package.dsv
[32.179s] -- Installing: /mnt/d/RDS-repo/RDS-2026---Minimalist/MuJoCo_simulation/finger_workspace/install/finger_description/share/ament_index/resource_index/packages/finger_description
[32.613s] -- Installing: /mnt/d/RDS-repo/RDS-2026---Minimalist/MuJoCo_simulation/finger_workspace/install/finger_description/share/finger_description/cmake/finger_descriptionConfig.cmake
[32.853s] -- Installing: /mnt/d/RDS-repo/RDS-2026---Minimalist/MuJoCo_simulation/finger_workspace/install/finger_description/share/finger_description/cmake/finger_descriptionConfig-version.cmake
[33.111s] -- Installing: /mnt/d/RDS-repo/RDS-2026---Minimalist/MuJoCo_simulation/finger_workspace/install/finger_description/share/finger_description/package.xml
[33.356s] Invoked command in '/mnt/d/RDS-repo/RDS-2026---Minimalist/MuJoCo_simulation/finger_workspace/build/finger_description' returned '0': CMAKE_PREFIX_PATH=/opt/ros/humble PS1=(mujoco_env) \[\e]0;\u@\h: \w\a\]${debian_chroot:+($debian_chroot)}\u@\h:\w\$ VIRTUAL_ENV_PROMPT=(mujoco_env) /usr/bin/cmake --install /mnt/d/RDS-repo/RDS-2026---Minimalist/MuJoCo_simulation/finger_workspace/build/finger_description
