[0.683s] DEBUG:colcon:Command line arguments: ['/usr/bin/colcon', 'build']
[0.684s] DEBUG:colcon:Parsed command line arguments: Namespace(log_base=None, log_level=None, verb_name='build', build_base='build', install_base='install', merge_install=False, symlink_install=False, test_result_base=None, continue_on_error=False, executor='parallel', parallel_workers=8, event_handlers=None, ignore_user_meta=False, metas=['./colcon.meta'], base_paths=['.'], packages_ignore=None, packages_ignore_regex=None, paths=None, packages_up_to=None, packages_up_to_regex=None, packages_above=None, packages_above_and_dependencies=None, packages_above_depth=None, packages_select_by_dep=None, packages_skip_by_dep=None, packages_skip_up_to=None, packages_select_build_failed=False, packages_skip_build_finished=False, packages_select_test_failures=False, packages_skip_test_passed=False, packages_select=None, packages_skip=None, packages_select_regex=None, packages_skip_regex=None, packages_start=None, packages_end=None, allow_overriding=[], cmake_args=None, cmake_target=None, cmake_target_skip_unavailable=False, cmake_clean_cache=False, cmake_clean_first=False, cmake_force_configure=False, ament_cmake_args=None, catkin_cmake_args=None, catkin_skip_building_tests=False, verb_parser=<colcon_defaults.argument_parser.defaults.DefaultArgumentsDecorator object at 0x7bbb9ec2cac0>, verb_extension=<colcon_core.verb.build.BuildVerb object at 0x7bbb9ec2c5b0>, main=<bound method BuildVerb.main of <colcon_core.verb.build.BuildVerb object at 0x7bbb9ec2c5b0>>)
[1.132s] Level 1:colcon.colcon_core.package_discovery:discover_packages(colcon_meta) check parameters
[1.134s] Level 1:colcon.colcon_core.package_discovery:discover_packages(recursive) check parameters
[1.135s] Level 1:colcon.colcon_core.package_discovery:discover_packages(ignore) check parameters
[1.135s] Level 1:colcon.colcon_core.package_discovery:discover_packages(path) check parameters
[1.136s] Level 1:colcon.colcon_core.package_discovery:discover_packages(colcon_meta) discover
[1.136s] Level 1:colcon.colcon_core.package_discovery:discover_packages(recursive) discover
[1.137s] INFO:colcon.colcon_core.package_discovery:Crawling recursively for packages in '/mnt/d/RDS-repo/RDS-2026---Minimalist/MuJoCo_simulation/finger_workspace'
[1.143s] Level 1:colcon.colcon_core.package_identification:_identify(.) by extensions ['ignore', 'ignore_ament_install']
[1.143s] Level 1:colcon.colcon_core.package_identification:_identify(.) by extension 'ignore'
[1.145s] Level 1:colcon.colcon_core.package_identification:_identify(.) by extension 'ignore_ament_install'
[1.147s] Level 1:colcon.colcon_core.package_identification:_identify(.) by extensions ['colcon_pkg']
[1.148s] Level 1:colcon.colcon_core.package_identification:_identify(.) by extension 'colcon_pkg'
[1.149s] Level 1:colcon.colcon_core.package_identification:_identify(.) by extensions ['colcon_meta']
[1.150s] Level 1:colcon.colcon_core.package_identification:_identify(.) by extension 'colcon_meta'
[1.150s] Level 1:colcon.colcon_core.package_identification:_identify(.) by extensions ['ros']
[1.151s] Level 1:colcon.colcon_core.package_identification:_identify(.) by extension 'ros'
[1.188s] Level 1:colcon.colcon_core.package_identification:_identify(.) by extensions ['cmake', 'python']
[1.189s] Level 1:colcon.colcon_core.package_identification:_identify(.) by extension 'cmake'
[1.191s] Level 1:colcon.colcon_core.package_identification:_identify(.) by extension 'python'
[1.193s] Level 1:colcon.colcon_core.package_identification:_identify(.) by extensions ['python_setup_py']
[1.193s] Level 1:colcon.colcon_core.package_identification:_identify(.) by extension 'python_setup_py'
[1.204s] Level 1:colcon.colcon_core.package_identification:_identify(build) by extensions ['ignore', 'ignore_ament_install']
[1.206s] Level 1:colcon.colcon_core.package_identification:_identify(build) by extension 'ignore'
[1.211s] Level 1:colcon.colcon_core.package_identification:_identify(build) ignored
[1.223s] Level 1:colcon.colcon_core.package_identification:_identify(install) by extensions ['ignore', 'ignore_ament_install']
[1.224s] Level 1:colcon.colcon_core.package_identification:_identify(install) by extension 'ignore'
[1.229s] Level 1:colcon.colcon_core.package_identification:_identify(install) ignored
[1.236s] Level 1:colcon.colcon_core.package_identification:_identify(log) by extensions ['ignore', 'ignore_ament_install']
[1.237s] Level 1:colcon.colcon_core.package_identification:_identify(log) by extension 'ignore'
[1.241s] Level 1:colcon.colcon_core.package_identification:_identify(log) ignored
[1.251s] Level 1:colcon.colcon_core.package_identification:_identify(src) by extensions ['ignore', 'ignore_ament_install']
[1.252s] Level 1:colcon.colcon_core.package_identification:_identify(src) by extension 'ignore'
[1.256s] Level 1:colcon.colcon_core.package_identification:_identify(src) by extension 'ignore_ament_install'
[1.262s] Level 1:colcon.colcon_core.package_identification:_identify(src) by extensions ['colcon_pkg']
[1.263s] Level 1:colcon.colcon_core.package_identification:_identify(src) by extension 'colcon_pkg'
[1.267s] Level 1:colcon.colcon_core.package_identification:_identify(src) by extensions ['colcon_meta']
[1.267s] Level 1:colcon.colcon_core.package_identification:_identify(src) by extension 'colcon_meta'
[1.270s] Level 1:colcon.colcon_core.package_identification:_identify(src) by extensions ['ros']
[1.271s] Level 1:colcon.colcon_core.package_identification:_identify(src) by extension 'ros'
[1.286s] Level 1:colcon.colcon_core.package_identification:_identify(src) by extensions ['cmake', 'python']
[1.287s] Level 1:colcon.colcon_core.package_identification:_identify(src) by extension 'cmake'
[1.290s] Level 1:colcon.colcon_core.package_identification:_identify(src) by extension 'python'
[1.294s] Level 1:colcon.colcon_core.package_identification:_identify(src) by extensions ['python_setup_py']
[1.294s] Level 1:colcon.colcon_core.package_identification:_identify(src) by extension 'python_setup_py'
[1.313s] Level 1:colcon.colcon_core.package_identification:_identify(src/finger_description) by extensions ['ignore', 'ignore_ament_install']
[1.314s] Level 1:colcon.colcon_core.package_identification:_identify(src/finger_description) by extension 'ignore'
[1.319s] Level 1:colcon.colcon_core.package_identification:_identify(src/finger_description) by extension 'ignore_ament_install'
[1.329s] Level 1:colcon.colcon_core.package_identification:_identify(src/finger_description) by extensions ['colcon_pkg']
[1.330s] Level 1:colcon.colcon_core.package_identification:_identify(src/finger_description) by extension 'colcon_pkg'
[1.335s] Level 1:colcon.colcon_core.package_identification:_identify(src/finger_description) by extensions ['colcon_meta']
[1.336s] Level 1:colcon.colcon_core.package_identification:_identify(src/finger_description) by extension 'colcon_meta'
[1.343s] Level 1:colcon.colcon_core.package_identification:_identify(src/finger_description) by extensions ['ros']
[1.344s] Level 1:colcon.colcon_core.package_identification:_identify(src/finger_description) by extension 'ros'
[1.399s] DEBUG:colcon.colcon_core.package_identification:Package 'src/finger_description' with type 'ros.ament_cmake' and name 'finger_description'
[1.399s] Level 1:colcon.colcon_core.package_discovery:discover_packages(recursive) using defaults
[1.400s] Level 1:colcon.colcon_core.package_discovery:discover_packages(ignore) discover
[1.401s] Level 1:colcon.colcon_core.package_discovery:discover_packages(ignore) using defaults
[1.402s] Level 1:colcon.colcon_core.package_discovery:discover_packages(path) discover
[1.403s] Level 1:colcon.colcon_core.package_discovery:discover_packages(path) using defaults
[1.481s] Level 1:colcon.colcon_core.package_discovery:discover_packages(prefix_path) check parameters
[1.481s] Level 1:colcon.colcon_core.package_discovery:discover_packages(prefix_path) discover
[1.606s] DEBUG:colcon.colcon_installed_package_information.package_discovery:Found 1 installed packages in /mnt/d/RDS-repo/RDS-2026---Minimalist/MuJoCo_simulation/finger_workspace/install
[1.610s] DEBUG:colcon.colcon_installed_package_information.package_discovery:Found 435 installed packages in /opt/ros/humble
[1.616s] Level 1:colcon.colcon_core.package_discovery:discover_packages(prefix_path) using defaults
[1.802s] Level 5:colcon.colcon_core.verb:set package 'finger_description' build argument 'cmake_args' from command line to 'None'
[1.802s] Level 5:colcon.colcon_core.verb:set package 'finger_description' build argument 'cmake_target' from command line to 'None'
[1.803s] Level 5:colcon.colcon_core.verb:set package 'finger_description' build argument 'cmake_target_skip_unavailable' from command line to 'False'
[1.804s] Level 5:colcon.colcon_core.verb:set package 'finger_description' build argument 'cmake_clean_cache' from command line to 'False'
[1.804s] Level 5:colcon.colcon_core.verb:set package 'finger_description' build argument 'cmake_clean_first' from command line to 'False'
[1.804s] Level 5:colcon.colcon_core.verb:set package 'finger_description' build argument 'cmake_force_configure' from command line to 'False'
[1.805s] Level 5:colcon.colcon_core.verb:set package 'finger_description' build argument 'ament_cmake_args' from command line to 'None'
[1.805s] Level 5:colcon.colcon_core.verb:set package 'finger_description' build argument 'catkin_cmake_args' from command line to 'None'
[1.806s] Level 5:colcon.colcon_core.verb:set package 'finger_description' build argument 'catkin_skip_building_tests' from command line to 'False'
[1.806s] DEBUG:colcon.colcon_core.verb:Building package 'finger_description' with the following arguments: {'ament_cmake_args': None, 'build_base': '/mnt/d/RDS-repo/RDS-2026---Minimalist/MuJoCo_simulation/finger_workspace/build/finger_description', 'catkin_cmake_args': None, 'catkin_skip_building_tests': False, 'cmake_args': None, 'cmake_clean_cache': False, 'cmake_clean_first': False, 'cmake_force_configure': False, 'cmake_target': None, 'cmake_target_skip_unavailable': False, 'install_base': '/mnt/d/RDS-repo/RDS-2026---Minimalist/MuJoCo_simulation/finger_workspace/install/finger_description', 'merge_install': False, 'path': '/mnt/d/RDS-repo/RDS-2026---Minimalist/MuJoCo_simulation/finger_workspace/src/finger_description', 'symlink_install': False, 'test_result_base': None}
[1.807s] INFO:colcon.colcon_core.executor:Executing jobs using 'parallel' executor
[1.810s] DEBUG:colcon.colcon_parallel_executor.executor.parallel:run_until_complete
[1.811s] INFO:colcon.colcon_ros.task.ament_cmake.build:Building ROS package in '/mnt/d/RDS-repo/RDS-2026---Minimalist/MuJoCo_simulation/finger_workspace/src/finger_description' with build type 'ament_cmake'
[1.812s] INFO:colcon.colcon_cmake.task.cmake.build:Building CMake package in '/mnt/d/RDS-repo/RDS-2026---Minimalist/MuJoCo_simulation/finger_workspace/src/finger_description'
[1.818s] INFO:colcon.colcon_core.plugin_system:Skipping extension 'colcon_core.shell.bat': Not used on non-Windows systems
[1.819s] INFO:colcon.colcon_core.shell:Skip shell extension 'powershell' for command environment: Not usable outside of PowerShell
[1.820s] DEBUG:colcon.colcon_core.shell:Skip shell extension 'dsv' for command environment
[2.219s] DEBUG:colcon.colcon_core.event_handler.log_command:Invoking command in '/mnt/d/RDS-repo/RDS-2026---Minimalist/MuJoCo_simulation/finger_workspace/build/finger_description': CMAKE_PREFIX_PATH=${CMAKE_PREFIX_PATH}:/opt/ros/humble PS1=(mujoco_env) \[\e]0;\u@\h: \w\a\]${debian_chroot:+($debian_chroot)}\u@\h:\w\$ VIRTUAL_ENV_PROMPT=(mujoco_env) /usr/bin/cmake --build /mnt/d/RDS-repo/RDS-2026---Minimalist/MuJoCo_simulation/finger_workspace/build/finger_description -- -j8 -l8
[22.820s] DEBUG:colcon.colcon_core.event_handler.log_command:Invoked command in '/mnt/d/RDS-repo/RDS-2026---Minimalist/MuJoCo_simulation/finger_workspace/build/finger_description' returned '0': CMAKE_PREFIX_PATH=${CMAKE_PREFIX_PATH}:/opt/ros/humble PS1=(mujoco_env) \[\e]0;\u@\h: \w\a\]${debian_chroot:+($debian_chroot)}\u@\h:\w\$ VIRTUAL_ENV_PROMPT=(mujoco_env) /usr/bin/cmake --build /mnt/d/RDS-repo/RDS-2026---Minimalist/MuJoCo_simulation/finger_workspace/build/finger_description -- -j8 -l8
[23.044s] DEBUG:colcon.colcon_core.event_handler.log_command:Invoking command in '/mnt/d/RDS-repo/RDS-2026---Minimalist/MuJoCo_simulation/finger_workspace/build/finger_description': CMAKE_PREFIX_PATH=${CMAKE_PREFIX_PATH}:/opt/ros/humble PS1=(mujoco_env) \[\e]0;\u@\h: \w\a\]${debian_chroot:+($debian_chroot)}\u@\h:\w\$ VIRTUAL_ENV_PROMPT=(mujoco_env) /usr/bin/cmake --install /mnt/d/RDS-repo/RDS-2026---Minimalist/MuJoCo_simulation/finger_workspace/build/finger_description
[45.320s] Level 1:colcon.colcon_core.environment:create_environment_scripts_only(finger_description)
[45.326s] DEBUG:colcon.colcon_core.event_handler.log_command:Invoked command in '/mnt/d/RDS-repo/RDS-2026---Minimalist/MuJoCo_simulation/finger_workspace/build/finger_description' returned '0': CMAKE_PREFIX_PATH=${CMAKE_PREFIX_PATH}:/opt/ros/humble PS1=(mujoco_env) \[\e]0;\u@\h: \w\a\]${debian_chroot:+($debian_chroot)}\u@\h:\w\$ VIRTUAL_ENV_PROMPT=(mujoco_env) /usr/bin/cmake --install /mnt/d/RDS-repo/RDS-2026---Minimalist/MuJoCo_simulation/finger_workspace/build/finger_description
[45.337s] Level 1:colcon.colcon_core.environment:checking '/mnt/d/RDS-repo/RDS-2026---Minimalist/MuJoCo_simulation/finger_workspace/install/finger_description' for CMake module files
[46.065s] Level 1:colcon.colcon_core.environment:checking '/mnt/d/RDS-repo/RDS-2026---Minimalist/MuJoCo_simulation/finger_workspace/install/finger_description' for CMake config files
[46.254s] Level 1:colcon.colcon_core.shell:create_environment_hook('finger_description', 'cmake_prefix_path')
[46.257s] INFO:colcon.colcon_core.shell:Creating environment hook '/mnt/d/RDS-repo/RDS-2026---Minimalist/MuJoCo_simulation/finger_workspace/install/finger_description/share/finger_description/hook/cmake_prefix_path.ps1'
[46.378s] INFO:colcon.colcon_core.shell:Creating environment descriptor '/mnt/d/RDS-repo/RDS-2026---Minimalist/MuJoCo_simulation/finger_workspace/install/finger_description/share/finger_description/hook/cmake_prefix_path.dsv'
[46.504s] INFO:colcon.colcon_core.shell:Creating environment hook '/mnt/d/RDS-repo/RDS-2026---Minimalist/MuJoCo_simulation/finger_workspace/install/finger_description/share/finger_description/hook/cmake_prefix_path.sh'
[46.653s] Level 1:colcon.colcon_core.environment:checking '/mnt/d/RDS-repo/RDS-2026---Minimalist/MuJoCo_simulation/finger_workspace/install/finger_description/bin'
[46.664s] Level 1:colcon.colcon_core.environment:checking '/mnt/d/RDS-repo/RDS-2026---Minimalist/MuJoCo_simulation/finger_workspace/install/finger_description/lib/pkgconfig/finger_description.pc'
[46.675s] Level 1:colcon.colcon_core.environment:checking '/mnt/d/RDS-repo/RDS-2026---Minimalist/MuJoCo_simulation/finger_workspace/install/finger_description/lib/python3.10/site-packages'
[46.687s] Level 1:colcon.colcon_core.environment:checking '/mnt/d/RDS-repo/RDS-2026---Minimalist/MuJoCo_simulation/finger_workspace/install/finger_description/bin'
[46.700s] INFO:colcon.colcon_core.shell:Creating package script '/mnt/d/RDS-repo/RDS-2026---Minimalist/MuJoCo_simulation/finger_workspace/install/finger_description/share/finger_description/package.ps1'
[46.805s] INFO:colcon.colcon_core.shell:Creating package descriptor '/mnt/d/RDS-repo/RDS-2026---Minimalist/MuJoCo_simulation/finger_workspace/install/finger_description/share/finger_description/package.dsv'
[46.906s] INFO:colcon.colcon_core.shell:Creating package script '/mnt/d/RDS-repo/RDS-2026---Minimalist/MuJoCo_simulation/finger_workspace/install/finger_description/share/finger_description/package.sh'
[47.009s] INFO:colcon.colcon_core.shell:Creating package script '/mnt/d/RDS-repo/RDS-2026---Minimalist/MuJoCo_simulation/finger_workspace/install/finger_description/share/finger_description/package.bash'
[47.110s] INFO:colcon.colcon_core.shell:Creating package script '/mnt/d/RDS-repo/RDS-2026---Minimalist/MuJoCo_simulation/finger_workspace/install/finger_description/share/finger_description/package.zsh'
[47.218s] Level 1:colcon.colcon_core.environment:create_file_with_runtime_dependencies(/mnt/d/RDS-repo/RDS-2026---Minimalist/MuJoCo_simulation/finger_workspace/install/finger_description/share/colcon-core/packages/finger_description)
[47.434s] Level 1:colcon.colcon_core.environment:create_environment_scripts_only(finger_description)
[47.436s] Level 1:colcon.colcon_core.environment:checking '/mnt/d/RDS-repo/RDS-2026---Minimalist/MuJoCo_simulation/finger_workspace/install/finger_description' for CMake module files
[47.983s] Level 1:colcon.colcon_core.environment:checking '/mnt/d/RDS-repo/RDS-2026---Minimalist/MuJoCo_simulation/finger_workspace/install/finger_description' for CMake config files
[48.174s] Level 1:colcon.colcon_core.shell:create_environment_hook('finger_description', 'cmake_prefix_path')
[48.177s] INFO:colcon.colcon_core.shell:Creating environment hook '/mnt/d/RDS-repo/RDS-2026---Minimalist/MuJoCo_simulation/finger_workspace/install/finger_description/share/finger_description/hook/cmake_prefix_path.ps1'
[48.297s] INFO:colcon.colcon_core.shell:Creating environment descriptor '/mnt/d/RDS-repo/RDS-2026---Minimalist/MuJoCo_simulation/finger_workspace/install/finger_description/share/finger_description/hook/cmake_prefix_path.dsv'
[48.432s] INFO:colcon.colcon_core.shell:Creating environment hook '/mnt/d/RDS-repo/RDS-2026---Minimalist/MuJoCo_simulation/finger_workspace/install/finger_description/share/finger_description/hook/cmake_prefix_path.sh'
[48.579s] Level 1:colcon.colcon_core.environment:checking '/mnt/d/RDS-repo/RDS-2026---Minimalist/MuJoCo_simulation/finger_workspace/install/finger_description/bin'
[48.591s] Level 1:colcon.colcon_core.environment:checking '/mnt/d/RDS-repo/RDS-2026---Minimalist/MuJoCo_simulation/finger_workspace/install/finger_description/lib/pkgconfig/finger_description.pc'
[48.604s] Level 1:colcon.colcon_core.environment:checking '/mnt/d/RDS-repo/RDS-2026---Minimalist/MuJoCo_simulation/finger_workspace/install/finger_description/lib/python3.10/site-packages'
[48.616s] Level 1:colcon.colcon_core.environment:checking '/mnt/d/RDS-repo/RDS-2026---Minimalist/MuJoCo_simulation/finger_workspace/install/finger_description/bin'
[48.627s] INFO:colcon.colcon_core.shell:Creating package script '/mnt/d/RDS-repo/RDS-2026---Minimalist/MuJoCo_simulation/finger_workspace/install/finger_description/share/finger_description/package.ps1'
[48.728s] INFO:colcon.colcon_core.shell:Creating package descriptor '/mnt/d/RDS-repo/RDS-2026---Minimalist/MuJoCo_simulation/finger_workspace/install/finger_description/share/finger_description/package.dsv'
[48.825s] INFO:colcon.colcon_core.shell:Creating package script '/mnt/d/RDS-repo/RDS-2026---Minimalist/MuJoCo_simulation/finger_workspace/install/finger_description/share/finger_description/package.sh'
[48.921s] INFO:colcon.colcon_core.shell:Creating package script '/mnt/d/RDS-repo/RDS-2026---Minimalist/MuJoCo_simulation/finger_workspace/install/finger_description/share/finger_description/package.bash'
[49.018s] INFO:colcon.colcon_core.shell:Creating package script '/mnt/d/RDS-repo/RDS-2026---Minimalist/MuJoCo_simulation/finger_workspace/install/finger_description/share/finger_description/package.zsh'
[49.119s] Level 1:colcon.colcon_core.environment:create_file_with_runtime_dependencies(/mnt/d/RDS-repo/RDS-2026---Minimalist/MuJoCo_simulation/finger_workspace/install/finger_description/share/colcon-core/packages/finger_description)
[49.188s] DEBUG:colcon.colcon_parallel_executor.executor.parallel:closing loop
[49.190s] DEBUG:colcon.colcon_parallel_executor.executor.parallel:loop closed
[49.192s] DEBUG:colcon.colcon_parallel_executor.executor.parallel:run_until_complete finished with '0'
[49.194s] DEBUG:colcon.colcon_core.event_reactor:joining thread
[49.920s] INFO:colcon.colcon_core.plugin_system:Skipping extension 'colcon_notification.desktop_notification.notify_send': Could not find 'notify-send'
[49.922s] INFO:colcon.colcon_core.plugin_system:Skipping extension 'colcon_notification.desktop_notification.terminal_notifier': Not used on non-Darwin systems
[49.924s] INFO:colcon.colcon_core.plugin_system:Skipping extension 'colcon_notification.desktop_notification.win32': Not used on non-Windows systems
[49.925s] INFO:colcon.colcon_notification.desktop_notification:Sending desktop notification using 'notify2'
[49.933s] DEBUG:colcon.colcon_notification.desktop_notification.notify2:Failed to initialize notify2: org.freedesktop.DBus.Error.ServiceUnknown: The name org.freedesktop.Notifications was not provided by any .service files
[49.935s] DEBUG:colcon.colcon_core.event_reactor:joined thread
[49.937s] INFO:colcon.colcon_core.shell:Creating prefix script '/mnt/d/RDS-repo/RDS-2026---Minimalist/MuJoCo_simulation/finger_workspace/install/local_setup.ps1'
[49.989s] INFO:colcon.colcon_core.shell:Creating prefix util module '/mnt/d/RDS-repo/RDS-2026---Minimalist/MuJoCo_simulation/finger_workspace/install/_local_setup_util_ps1.py'
[50.115s] INFO:colcon.colcon_core.shell:Creating prefix chain script '/mnt/d/RDS-repo/RDS-2026---Minimalist/MuJoCo_simulation/finger_workspace/install/setup.ps1'
[50.253s] INFO:colcon.colcon_core.shell:Creating prefix script '/mnt/d/RDS-repo/RDS-2026---Minimalist/MuJoCo_simulation/finger_workspace/install/local_setup.sh'
[50.304s] INFO:colcon.colcon_core.shell:Creating prefix util module '/mnt/d/RDS-repo/RDS-2026---Minimalist/MuJoCo_simulation/finger_workspace/install/_local_setup_util_sh.py'
[50.439s] INFO:colcon.colcon_core.shell:Creating prefix chain script '/mnt/d/RDS-repo/RDS-2026---Minimalist/MuJoCo_simulation/finger_workspace/install/setup.sh'
[50.525s] INFO:colcon.colcon_core.shell:Creating prefix script '/mnt/d/RDS-repo/RDS-2026---Minimalist/MuJoCo_simulation/finger_workspace/install/local_setup.bash'
[50.556s] INFO:colcon.colcon_core.shell:Creating prefix chain script '/mnt/d/RDS-repo/RDS-2026---Minimalist/MuJoCo_simulation/finger_workspace/install/setup.bash'
[50.636s] INFO:colcon.colcon_core.shell:Creating prefix script '/mnt/d/RDS-repo/RDS-2026---Minimalist/MuJoCo_simulation/finger_workspace/install/local_setup.zsh'
[50.667s] INFO:colcon.colcon_core.shell:Creating prefix chain script '/mnt/d/RDS-repo/RDS-2026---Minimalist/MuJoCo_simulation/finger_workspace/install/setup.zsh'
