[2.007s] DEBUG:colcon:Command line arguments: ['/usr/bin/colcon', 'build']
[2.009s] DEBUG:colcon:Parsed command line arguments: Namespace(log_base=None, log_level=None, verb_name='build', build_base='build', install_base='install', merge_install=False, symlink_install=False, test_result_base=None, continue_on_error=False, executor='parallel', parallel_workers=8, event_handlers=None, ignore_user_meta=False, metas=['./colcon.meta'], base_paths=['.'], packages_ignore=None, packages_ignore_regex=None, paths=None, packages_up_to=None, packages_up_to_regex=None, packages_above=None, packages_above_and_dependencies=None, packages_above_depth=None, packages_select_by_dep=None, packages_skip_by_dep=None, packages_skip_up_to=None, packages_select_build_failed=False, packages_skip_build_finished=False, packages_select_test_failures=False, packages_skip_test_passed=False, packages_select=None, packages_skip=None, packages_select_regex=None, packages_skip_regex=None, packages_start=None, packages_end=None, allow_overriding=[], cmake_args=None, cmake_target=None, cmake_target_skip_unavailable=False, cmake_clean_cache=False, cmake_clean_first=False, cmake_force_configure=False, ament_cmake_args=None, catkin_cmake_args=None, catkin_skip_building_tests=False, verb_parser=<colcon_defaults.argument_parser.defaults.DefaultArgumentsDecorator object at 0x71bbab44ca30>, verb_extension=<colcon_core.verb.build.BuildVerb object at 0x71bbab44c520>, main=<bound method BuildVerb.main of <colcon_core.verb.build.BuildVerb object at 0x71bbab44c520>>)
[5.968s] Level 1:colcon.colcon_core.package_discovery:discover_packages(colcon_meta) check parameters
[5.969s] Level 1:colcon.colcon_core.package_discovery:discover_packages(recursive) check parameters
[5.970s] Level 1:colcon.colcon_core.package_discovery:discover_packages(ignore) check parameters
[5.971s] Level 1:colcon.colcon_core.package_discovery:discover_packages(path) check parameters
[5.971s] Level 1:colcon.colcon_core.package_discovery:discover_packages(colcon_meta) discover
[5.972s] Level 1:colcon.colcon_core.package_discovery:discover_packages(recursive) discover
[5.973s] INFO:colcon.colcon_core.package_discovery:Crawling recursively for packages in '/mnt/d/RDS-repo/RDS-2026---Minimalist/MuJoCo_simulation/finger_workspace'
[5.981s] Level 1:colcon.colcon_core.package_identification:_identify(.) by extensions ['ignore', 'ignore_ament_install']
[5.982s] Level 1:colcon.colcon_core.package_identification:_identify(.) by extension 'ignore'
[5.985s] Level 1:colcon.colcon_core.package_identification:_identify(.) by extension 'ignore_ament_install'
[5.987s] Level 1:colcon.colcon_core.package_identification:_identify(.) by extensions ['colcon_pkg']
[5.988s] Level 1:colcon.colcon_core.package_identification:_identify(.) by extension 'colcon_pkg'
[5.990s] Level 1:colcon.colcon_core.package_identification:_identify(.) by extensions ['colcon_meta']
[5.990s] Level 1:colcon.colcon_core.package_identification:_identify(.) by extension 'colcon_meta'
[5.991s] Level 1:colcon.colcon_core.package_identification:_identify(.) by extensions ['ros']
[5.992s] Level 1:colcon.colcon_core.package_identification:_identify(.) by extension 'ros'
[6.042s] Level 1:colcon.colcon_core.package_identification:_identify(.) by extensions ['cmake', 'python']
[6.042s] Level 1:colcon.colcon_core.package_identification:_identify(.) by extension 'cmake'
[6.044s] Level 1:colcon.colcon_core.package_identification:_identify(.) by extension 'python'
[6.046s] Level 1:colcon.colcon_core.package_identification:_identify(.) by extensions ['python_setup_py']
[6.047s] Level 1:colcon.colcon_core.package_identification:_identify(.) by extension 'python_setup_py'
[6.059s] Level 1:colcon.colcon_core.package_identification:_identify(build) by extensions ['ignore', 'ignore_ament_install']
[6.060s] Level 1:colcon.colcon_core.package_identification:_identify(build) by extension 'ignore'
[6.066s] Level 1:colcon.colcon_core.package_identification:_identify(build) ignored
[6.080s] Level 1:colcon.colcon_core.package_identification:_identify(install) by extensions ['ignore', 'ignore_ament_install']
[6.081s] Level 1:colcon.colcon_core.package_identification:_identify(install) by extension 'ignore'
[6.087s] Level 1:colcon.colcon_core.package_identification:_identify(install) ignored
[6.096s] Level 1:colcon.colcon_core.package_identification:_identify(log) by extensions ['ignore', 'ignore_ament_install']
[6.097s] Level 1:colcon.colcon_core.package_identification:_identify(log) by extension 'ignore'
[6.101s] Level 1:colcon.colcon_core.package_identification:_identify(log) ignored
[6.114s] Level 1:colcon.colcon_core.package_identification:_identify(src) by extensions ['ignore', 'ignore_ament_install']
[6.115s] Level 1:colcon.colcon_core.package_identification:_identify(src) by extension 'ignore'
[6.119s] Level 1:colcon.colcon_core.package_identification:_identify(src) by extension 'ignore_ament_install'
[6.127s] Level 1:colcon.colcon_core.package_identification:_identify(src) by extensions ['colcon_pkg']
[6.128s] Level 1:colcon.colcon_core.package_identification:_identify(src) by extension 'colcon_pkg'
[6.132s] Level 1:colcon.colcon_core.package_identification:_identify(src) by extensions ['colcon_meta']
[6.133s] Level 1:colcon.colcon_core.package_identification:_identify(src) by extension 'colcon_meta'
[6.137s] Level 1:colcon.colcon_core.package_identification:_identify(src) by extensions ['ros']
[6.138s] Level 1:colcon.colcon_core.package_identification:_identify(src) by extension 'ros'
[6.156s] Level 1:colcon.colcon_core.package_identification:_identify(src) by extensions ['cmake', 'python']
[6.157s] Level 1:colcon.colcon_core.package_identification:_identify(src) by extension 'cmake'
[6.161s] Level 1:colcon.colcon_core.package_identification:_identify(src) by extension 'python'
[6.166s] Level 1:colcon.colcon_core.package_identification:_identify(src) by extensions ['python_setup_py']
[6.167s] Level 1:colcon.colcon_core.package_identification:_identify(src) by extension 'python_setup_py'
[6.192s] Level 1:colcon.colcon_core.package_identification:_identify(src/finger_description) by extensions ['ignore', 'ignore_ament_install']
[6.193s] Level 1:colcon.colcon_core.package_identification:_identify(src/finger_description) by extension 'ignore'
[6.199s] Level 1:colcon.colcon_core.package_identification:_identify(src/finger_description) by extension 'ignore_ament_install'
[6.212s] Level 1:colcon.colcon_core.package_identification:_identify(src/finger_description) by extensions ['colcon_pkg']
[6.213s] Level 1:colcon.colcon_core.package_identification:_identify(src/finger_description) by extension 'colcon_pkg'
[6.220s] Level 1:colcon.colcon_core.package_identification:_identify(src/finger_description) by extensions ['colcon_meta']
[6.221s] Level 1:colcon.colcon_core.package_identification:_identify(src/finger_description) by extension 'colcon_meta'
[6.231s] Level 1:colcon.colcon_core.package_identification:_identify(src/finger_description) by extensions ['ros']
[6.232s] Level 1:colcon.colcon_core.package_identification:_identify(src/finger_description) by extension 'ros'
[6.313s] DEBUG:colcon.colcon_core.package_identification:Package 'src/finger_description' with type 'ros.ament_cmake' and name 'finger_description'
[6.314s] Level 1:colcon.colcon_core.package_discovery:discover_packages(recursive) using defaults
[6.315s] Level 1:colcon.colcon_core.package_discovery:discover_packages(ignore) discover
[6.316s] Level 1:colcon.colcon_core.package_discovery:discover_packages(ignore) using defaults
[6.317s] Level 1:colcon.colcon_core.package_discovery:discover_packages(path) discover
[6.318s] Level 1:colcon.colcon_core.package_discovery:discover_packages(path) using defaults
[6.483s] Level 1:colcon.colcon_core.package_discovery:discover_packages(prefix_path) check parameters
[6.484s] Level 1:colcon.colcon_core.package_discovery:discover_packages(prefix_path) discover
[6.508s] DEBUG:colcon.colcon_installed_package_information.package_discovery:Found 433 installed packages in /opt/ros/humble
[6.514s] Level 1:colcon.colcon_core.package_discovery:discover_packages(prefix_path) using defaults
[7.011s] Level 5:colcon.colcon_core.verb:set package 'finger_description' build argument 'cmake_args' from command line to 'None'
[7.012s] Level 5:colcon.colcon_core.verb:set package 'finger_description' build argument 'cmake_target' from command line to 'None'
[7.013s] Level 5:colcon.colcon_core.verb:set package 'finger_description' build argument 'cmake_target_skip_unavailable' from command line to 'False'
[7.014s] Level 5:colcon.colcon_core.verb:set package 'finger_description' build argument 'cmake_clean_cache' from command line to 'False'
[7.015s] Level 5:colcon.colcon_core.verb:set package 'finger_description' build argument 'cmake_clean_first' from command line to 'False'
[7.015s] Level 5:colcon.colcon_core.verb:set package 'finger_description' build argument 'cmake_force_configure' from command line to 'False'
[7.016s] Level 5:colcon.colcon_core.verb:set package 'finger_description' build argument 'ament_cmake_args' from command line to 'None'
[7.017s] Level 5:colcon.colcon_core.verb:set package 'finger_description' build argument 'catkin_cmake_args' from command line to 'None'
[7.018s] Level 5:colcon.colcon_core.verb:set package 'finger_description' build argument 'catkin_skip_building_tests' from command line to 'False'
[7.018s] DEBUG:colcon.colcon_core.verb:Building package 'finger_description' with the following arguments: {'ament_cmake_args': None, 'build_base': '/mnt/d/RDS-repo/RDS-2026---Minimalist/MuJoCo_simulation/finger_workspace/build/finger_description', 'catkin_cmake_args': None, 'catkin_skip_building_tests': False, 'cmake_args': None, 'cmake_clean_cache': False, 'cmake_clean_first': False, 'cmake_force_configure': False, 'cmake_target': None, 'cmake_target_skip_unavailable': False, 'install_base': '/mnt/d/RDS-repo/RDS-2026---Minimalist/MuJoCo_simulation/finger_workspace/install/finger_description', 'merge_install': False, 'path': '/mnt/d/RDS-repo/RDS-2026---Minimalist/MuJoCo_simulation/finger_workspace/src/finger_description', 'symlink_install': False, 'test_result_base': None}
[7.019s] INFO:colcon.colcon_core.executor:Executing jobs using 'parallel' executor
[7.027s] DEBUG:colcon.colcon_parallel_executor.executor.parallel:run_until_complete
[7.029s] INFO:colcon.colcon_ros.task.ament_cmake.build:Building ROS package in '/mnt/d/RDS-repo/RDS-2026---Minimalist/MuJoCo_simulation/finger_workspace/src/finger_description' with build type 'ament_cmake'
[7.031s] INFO:colcon.colcon_cmake.task.cmake.build:Building CMake package in '/mnt/d/RDS-repo/RDS-2026---Minimalist/MuJoCo_simulation/finger_workspace/src/finger_description'
[7.055s] INFO:colcon.colcon_core.plugin_system:Skipping extension 'colcon_core.shell.bat': Not used on non-Windows systems
[7.056s] INFO:colcon.colcon_core.shell:Skip shell extension 'powershell' for command environment: Not usable outside of PowerShell
[7.057s] DEBUG:colcon.colcon_core.shell:Skip shell extension 'dsv' for command environment
[7.802s] DEBUG:colcon.colcon_core.event_handler.log_command:Invoking command in '/mnt/d/RDS-repo/RDS-2026---Minimalist/MuJoCo_simulation/finger_workspace/build/finger_description': CMAKE_PREFIX_PATH=/opt/ros/humble PS1=(mujoco_env) \[\e]0;\u@\h: \w\a\]${debian_chroot:+($debian_chroot)}\u@\h:\w\$ VIRTUAL_ENV_PROMPT=(mujoco_env) /usr/bin/cmake /mnt/d/RDS-repo/RDS-2026---Minimalist/MuJoCo_simulation/finger_workspace/src/finger_description -DCMAKE_INSTALL_PREFIX=/mnt/d/RDS-repo/RDS-2026---Minimalist/MuJoCo_simulation/finger_workspace/install/finger_description
[30.652s] DEBUG:colcon.colcon_core.event_handler.log_command:Invoked command in '/mnt/d/RDS-repo/RDS-2026---Minimalist/MuJoCo_simulation/finger_workspace/build/finger_description' returned '1': CMAKE_PREFIX_PATH=/opt/ros/humble PS1=(mujoco_env) \[\e]0;\u@\h: \w\a\]${debian_chroot:+($debian_chroot)}\u@\h:\w\$ VIRTUAL_ENV_PROMPT=(mujoco_env) /usr/bin/cmake /mnt/d/RDS-repo/RDS-2026---Minimalist/MuJoCo_simulation/finger_workspace/src/finger_description -DCMAKE_INSTALL_PREFIX=/mnt/d/RDS-repo/RDS-2026---Minimalist/MuJoCo_simulation/finger_workspace/install/finger_description
[30.877s] Level 1:colcon.colcon_core.environment:create_environment_scripts_only(finger_description)
[30.924s] Level 1:colcon.colcon_core.environment:checking '/mnt/d/RDS-repo/RDS-2026---Minimalist/MuJoCo_simulation/finger_workspace/install/finger_description' for CMake module files
[31.039s] Level 1:colcon.colcon_core.environment:checking '/mnt/d/RDS-repo/RDS-2026---Minimalist/MuJoCo_simulation/finger_workspace/install/finger_description' for CMake config files
[31.053s] Level 1:colcon.colcon_core.environment:checking '/mnt/d/RDS-repo/RDS-2026---Minimalist/MuJoCo_simulation/finger_workspace/install/finger_description/bin'
[31.060s] Level 1:colcon.colcon_core.environment:checking '/mnt/d/RDS-repo/RDS-2026---Minimalist/MuJoCo_simulation/finger_workspace/install/finger_description/lib/pkgconfig/finger_description.pc'
[31.068s] Level 1:colcon.colcon_core.environment:checking '/mnt/d/RDS-repo/RDS-2026---Minimalist/MuJoCo_simulation/finger_workspace/install/finger_description/lib/python3.10/site-packages'
[31.078s] Level 1:colcon.colcon_core.environment:checking '/mnt/d/RDS-repo/RDS-2026---Minimalist/MuJoCo_simulation/finger_workspace/install/finger_description/bin'
[31.086s] INFO:colcon.colcon_core.shell:Creating package script '/mnt/d/RDS-repo/RDS-2026---Minimalist/MuJoCo_simulation/finger_workspace/install/finger_description/share/finger_description/package.ps1'
[31.683s] INFO:colcon.colcon_core.shell:Creating package descriptor '/mnt/d/RDS-repo/RDS-2026---Minimalist/MuJoCo_simulation/finger_workspace/install/finger_description/share/finger_description/package.dsv'
[31.727s] INFO:colcon.colcon_core.shell:Creating package script '/mnt/d/RDS-repo/RDS-2026---Minimalist/MuJoCo_simulation/finger_workspace/install/finger_description/share/finger_description/package.sh'
[31.792s] INFO:colcon.colcon_core.shell:Creating package script '/mnt/d/RDS-repo/RDS-2026---Minimalist/MuJoCo_simulation/finger_workspace/install/finger_description/share/finger_description/package.bash'
[31.861s] INFO:colcon.colcon_core.shell:Creating package script '/mnt/d/RDS-repo/RDS-2026---Minimalist/MuJoCo_simulation/finger_workspace/install/finger_description/share/finger_description/package.zsh'
[31.944s] Level 1:colcon.colcon_core.environment:create_file_with_runtime_dependencies(/mnt/d/RDS-repo/RDS-2026---Minimalist/MuJoCo_simulation/finger_workspace/install/finger_description/share/colcon-core/packages/finger_description)
[32.115s] DEBUG:colcon.colcon_parallel_executor.executor.parallel:closing loop
[32.116s] DEBUG:colcon.colcon_parallel_executor.executor.parallel:loop closed
[32.117s] DEBUG:colcon.colcon_parallel_executor.executor.parallel:run_until_complete finished with '1'
[32.118s] DEBUG:colcon.colcon_core.event_reactor:joining thread
[32.681s] INFO:colcon.colcon_core.plugin_system:Skipping extension 'colcon_notification.desktop_notification.notify_send': Could not find 'notify-send'
[32.682s] INFO:colcon.colcon_core.plugin_system:Skipping extension 'colcon_notification.desktop_notification.terminal_notifier': Not used on non-Darwin systems
[32.683s] INFO:colcon.colcon_core.plugin_system:Skipping extension 'colcon_notification.desktop_notification.win32': Not used on non-Windows systems
[32.684s] INFO:colcon.colcon_notification.desktop_notification:Sending desktop notification using 'notify2'
[32.838s] DEBUG:colcon.colcon_notification.desktop_notification.notify2:Failed to initialize notify2: org.freedesktop.DBus.Error.ServiceUnknown: The name org.freedesktop.Notifications was not provided by any .service files
[32.840s] DEBUG:colcon.colcon_core.event_reactor:joined thread
[32.843s] INFO:colcon.colcon_core.shell:Creating prefix script '/mnt/d/RDS-repo/RDS-2026---Minimalist/MuJoCo_simulation/finger_workspace/install/local_setup.ps1'
[33.767s] INFO:colcon.colcon_core.shell:Creating prefix util module '/mnt/d/RDS-repo/RDS-2026---Minimalist/MuJoCo_simulation/finger_workspace/install/_local_setup_util_ps1.py'
[33.878s] INFO:colcon.colcon_core.shell:Creating prefix chain script '/mnt/d/RDS-repo/RDS-2026---Minimalist/MuJoCo_simulation/finger_workspace/install/setup.ps1'
[34.436s] INFO:colcon.colcon_core.shell:Creating prefix script '/mnt/d/RDS-repo/RDS-2026---Minimalist/MuJoCo_simulation/finger_workspace/install/local_setup.sh'
[34.926s] INFO:colcon.colcon_core.shell:Creating prefix util module '/mnt/d/RDS-repo/RDS-2026---Minimalist/MuJoCo_simulation/finger_workspace/install/_local_setup_util_sh.py'
[35.022s] INFO:colcon.colcon_core.shell:Creating prefix chain script '/mnt/d/RDS-repo/RDS-2026---Minimalist/MuJoCo_simulation/finger_workspace/install/setup.sh'
[35.125s] INFO:colcon.colcon_core.shell:Creating prefix script '/mnt/d/RDS-repo/RDS-2026---Minimalist/MuJoCo_simulation/finger_workspace/install/local_setup.bash'
[35.522s] INFO:colcon.colcon_core.shell:Creating prefix chain script '/mnt/d/RDS-repo/RDS-2026---Minimalist/MuJoCo_simulation/finger_workspace/install/setup.bash'
[35.611s] INFO:colcon.colcon_core.shell:Creating prefix script '/mnt/d/RDS-repo/RDS-2026---Minimalist/MuJoCo_simulation/finger_workspace/install/local_setup.zsh'
[35.705s] INFO:colcon.colcon_core.shell:Creating prefix chain script '/mnt/d/RDS-repo/RDS-2026---Minimalist/MuJoCo_simulation/finger_workspace/install/setup.zsh'
